execve("./hello.py", ["./hello.py"], 0x7ffef06b2060 /* 24 vars */) = 0
brk(NULL)                               = 0x243f000
arch_prctl(0x3001 /* ARCH_??? */, 0x7ffc61ffdea0) = -1 EINVAL (Invalid argument)
access("/etc/ld.so.preload", R_OK)      = -1 ENOENT (No such file or directory)
openat(AT_FDCWD, "/etc/ld.so.cache", O_RDONLY|O_CLOEXEC) = 3
fstat(3, {st_mode=S_IFREG|0644, st_size=43407, ...}) = 0
mmap(NULL, 43407, PROT_READ, MAP_PRIVATE, 3, 0) = 0x7ff71e88e000
close(3)                                = 0
openat(AT_FDCWD, "/lib/x86_64-linux-gnu/libc.so.6", O_RDONLY|O_CLOEXEC) = 3
read(3, "\177ELF\2\1\1\3\0\0\0\0\0\0\0\0\3\0>\0\1\0\0\0\300A\2\0\0\0\0\0"..., 832) = 832
pread64(3, "\6\0\0\0\4\0\0\0@\0\0\0\0\0\0\0@\0\0\0\0\0\0\0@\0\0\0\0\0\0\0"..., 784, 64) = 784
pread64(3, "\4\0\0\0\20\0\0\0\5\0\0\0GNU\0\2\0\0\300\4\0\0\0\3\0\0\0\0\0\0\0", 32, 848) = 32
pread64(3, "\4\0\0\0\24\0\0\0\3\0\0\0GNU\0\30x\346\264ur\f|Q\226\236i\253-'o"..., 68, 880) = 68
fstat(3, {st_mode=S_IFREG|0755, st_size=2029592, ...}) = 0
mmap(NULL, 8192, PROT_READ|PROT_WRITE, MAP_PRIVATE|MAP_ANONYMOUS, -1, 0) = 0x7ff71e88c000
pread64(3, "\6\0\0\0\4\0\0\0@\0\0\0\0\0\0\0@\0\0\0\0\0\0\0@\0\0\0\0\0\0\0"..., 784, 64) = 784
pread64(3, "\4\0\0\0\20\0\0\0\5\0\0\0GNU\0\2\0\0\300\4\0\0\0\3\0\0\0\0\0\0\0", 32, 848) = 32
pread64(3, "\4\0\0\0\24\0\0\0\3\0\0\0GNU\0\30x\346\264ur\f|Q\226\236i\253-'o"..., 68, 880) = 68
mmap(NULL, 2037344, PROT_READ, MAP_PRIVATE|MAP_DENYWRITE, 3, 0) = 0x7ff71e69a000
mmap(0x7ff71e6bc000, 1540096, PROT_READ|PROT_EXEC, MAP_PRIVATE|MAP_FIXED|MAP_DENYWRITE, 3, 0x22000) = 0x7ff71e6bc000
mmap(0x7ff71e834000, 319488, PROT_READ, MAP_PRIVATE|MAP_FIXED|MAP_DENYWRITE, 3, 0x19a000) = 0x7ff71e834000
mmap(0x7ff71e882000, 24576, PROT_READ|PROT_WRITE, MAP_PRIVATE|MAP_FIXED|MAP_DENYWRITE, 3, 0x1e7000) = 0x7ff71e882000
mmap(0x7ff71e888000, 13920, PROT_READ|PROT_WRITE, MAP_PRIVATE|MAP_FIXED|MAP_ANONYMOUS, -1, 0) = 0x7ff71e888000
close(3)                                = 0
openat(AT_FDCWD, "/lib/x86_64-linux-gnu/libpthread.so.0", O_RDONLY|O_CLOEXEC) = 3
read(3, "\177ELF\2\1\1\0\0\0\0\0\0\0\0\0\3\0>\0\1\0\0\0\220q\0\0\0\0\0\0"..., 832) = 832
pread64(3, "\4\0\0\0\24\0\0\0\3\0\0\0GNU\0{E6\364\34\332\245\210\204\10\350-\0106\343="..., 68, 824) = 68
fstat(3, {st_mode=S_IFREG|0755, st_size=157224, ...}) = 0
pread64(3, "\4\0\0\0\24\0\0\0\3\0\0\0GNU\0{E6\364\34\332\245\210\204\10\350-\0106\343="..., 68, 824) = 68
mmap(NULL, 140408, PROT_READ, MAP_PRIVATE|MAP_DENYWRITE, 3, 0) = 0x7ff71e677000
mmap(0x7ff71e67d000, 69632, PROT_READ|PROT_EXEC, MAP_PRIVATE|MAP_FIXED|MAP_DENYWRITE, 3, 0x6000) = 0x7ff71e67d000
mmap(0x7ff71e68e000, 24576, PROT_READ, MAP_PRIVATE|MAP_FIXED|MAP_DENYWRITE, 3, 0x17000) = 0x7ff71e68e000
mmap(0x7ff71e694000, 8192, PROT_READ|PROT_WRITE, MAP_PRIVATE|MAP_FIXED|MAP_DENYWRITE, 3, 0x1c000) = 0x7ff71e694000
mmap(0x7ff71e696000, 13432, PROT_READ|PROT_WRITE, MAP_PRIVATE|MAP_FIXED|MAP_ANONYMOUS, -1, 0) = 0x7ff71e696000
close(3)                                = 0
openat(AT_FDCWD, "/lib/x86_64-linux-gnu/libdl.so.2", O_RDONLY|O_CLOEXEC) = 3
read(3, "\177ELF\2\1\1\0\0\0\0\0\0\0\0\0\3\0>\0\1\0\0\0 \22\0\0\0\0\0\0"..., 832) = 832
fstat(3, {st_mode=S_IFREG|0644, st_size=18848, ...}) = 0
mmap(NULL, 20752, PROT_READ, MAP_PRIVATE|MAP_DENYWRITE, 3, 0) = 0x7ff71e671000
mmap(0x7ff71e672000, 8192, PROT_READ|PROT_EXEC, MAP_PRIVATE|MAP_FIXED|MAP_DENYWRITE, 3, 0x1000) = 0x7ff71e672000
mmap(0x7ff71e674000, 4096, PROT_READ, MAP_PRIVATE|MAP_FIXED|MAP_DENYWRITE, 3, 0x3000) = 0x7ff71e674000
mmap(0x7ff71e675000, 8192, PROT_READ|PROT_WRITE, MAP_PRIVATE|MAP_FIXED|MAP_DENYWRITE, 3, 0x3000) = 0x7ff71e675000
close(3)                                = 0
openat(AT_FDCWD, "/lib/x86_64-linux-gnu/libutil.so.1", O_RDONLY|O_CLOEXEC) = 3
read(3, "\177ELF\2\1\1\0\0\0\0\0\0\0\0\0\3\0>\0\1\0\0\0\340\23\0\0\0\0\0\0"..., 832) = 832
fstat(3, {st_mode=S_IFREG|0644, st_size=14880, ...}) = 0
mmap(NULL, 16656, PROT_READ, MAP_PRIVATE|MAP_DENYWRITE, 3, 0) = 0x7ff71e66c000
mmap(0x7ff71e66d000, 4096, PROT_READ|PROT_EXEC, MAP_PRIVATE|MAP_FIXED|MAP_DENYWRITE, 3, 0x1000) = 0x7ff71e66d000
mmap(0x7ff71e66e000, 4096, PROT_READ, MAP_PRIVATE|MAP_FIXED|MAP_DENYWRITE, 3, 0x2000) = 0x7ff71e66e000
mmap(0x7ff71e66f000, 8192, PROT_READ|PROT_WRITE, MAP_PRIVATE|MAP_FIXED|MAP_DENYWRITE, 3, 0x2000) = 0x7ff71e66f000
close(3)                                = 0
openat(AT_FDCWD, "/lib/x86_64-linux-gnu/libm.so.6", O_RDONLY|O_CLOEXEC) = 3
read(3, "\177ELF\2\1\1\3\0\0\0\0\0\0\0\0\3\0>\0\1\0\0\0\300\323\0\0\0\0\0\0"..., 832) = 832
fstat(3, {st_mode=S_IFREG|0644, st_size=1369384, ...}) = 0
mmap(NULL, 1368336, PROT_READ, MAP_PRIVATE|MAP_DENYWRITE, 3, 0) = 0x7ff71e51d000
mmap(0x7ff71e52a000, 684032, PROT_READ|PROT_EXEC, MAP_PRIVATE|MAP_FIXED|MAP_DENYWRITE, 3, 0xd000) = 0x7ff71e52a000
mmap(0x7ff71e5d1000, 626688, PROT_READ, MAP_PRIVATE|MAP_FIXED|MAP_DENYWRITE, 3, 0xb4000) = 0x7ff71e5d1000
mmap(0x7ff71e66a000, 8192, PROT_READ|PROT_WRITE, MAP_PRIVATE|MAP_FIXED|MAP_DENYWRITE, 3, 0x14c000) = 0x7ff71e66a000
close(3)                                = 0
openat(AT_FDCWD, "/lib/x86_64-linux-gnu/libexpat.so.1", O_RDONLY|O_CLOEXEC) = 3
read(3, "\177ELF\2\1\1\0\0\0\0\0\0\0\0\0\3\0>\0\1\0\0\0000B\0\0\0\0\0\0"..., 832) = 832
fstat(3, {st_mode=S_IFREG|0644, st_size=182560, ...}) = 0
mmap(NULL, 184480, PROT_READ, MAP_PRIVATE|MAP_DENYWRITE, 3, 0) = 0x7ff71e4ef000
mprotect(0x7ff71e4f3000, 159744, PROT_NONE) = 0
mmap(0x7ff71e4f3000, 114688, PROT_READ|PROT_EXEC, MAP_PRIVATE|MAP_FIXED|MAP_DENYWRITE, 3, 0x4000) = 0x7ff71e4f3000
mmap(0x7ff71e50f000, 40960, PROT_READ, MAP_PRIVATE|MAP_FIXED|MAP_DENYWRITE, 3, 0x20000) = 0x7ff71e50f000
mmap(0x7ff71e51a000, 12288, PROT_READ|PROT_WRITE, MAP_PRIVATE|MAP_FIXED|MAP_DENYWRITE, 3, 0x2a000) = 0x7ff71e51a000
close(3)                                = 0
openat(AT_FDCWD, "/lib/x86_64-linux-gnu/libz.so.1", O_RDONLY|O_CLOEXEC) = 3
read(3, "\177ELF\2\1\1\3\0\0\0\0\0\0\0\0\3\0>\0\1\0\0\0\200\"\0\0\0\0\0\0"..., 832) = 832
fstat(3, {st_mode=S_IFREG|0644, st_size=108936, ...}) = 0
mmap(NULL, 8192, PROT_READ|PROT_WRITE, MAP_PRIVATE|MAP_ANONYMOUS, -1, 0) = 0x7ff71e4ed000
mmap(NULL, 110776, PROT_READ, MAP_PRIVATE|MAP_DENYWRITE, 3, 0) = 0x7ff71e4d1000
mprotect(0x7ff71e4d3000, 98304, PROT_NONE) = 0
mmap(0x7ff71e4d3000, 69632, PROT_READ|PROT_EXEC, MAP_PRIVATE|MAP_FIXED|MAP_DENYWRITE, 3, 0x2000) = 0x7ff71e4d3000
mmap(0x7ff71e4e4000, 24576, PROT_READ, MAP_PRIVATE|MAP_FIXED|MAP_DENYWRITE, 3, 0x13000) = 0x7ff71e4e4000
mmap(0x7ff71e4eb000, 8192, PROT_READ|PROT_WRITE, MAP_PRIVATE|MAP_FIXED|MAP_DENYWRITE, 3, 0x19000) = 0x7ff71e4eb000
close(3)                                = 0
mmap(NULL, 12288, PROT_READ|PROT_WRITE, MAP_PRIVATE|MAP_ANONYMOUS, -1, 0) = 0x7ff71e4ce000
arch_prctl(ARCH_SET_FS, 0x7ff71e4ce740) = 0
mprotect(0x7ff71e882000, 16384, PROT_READ) = 0
mprotect(0x7ff71e4eb000, 4096, PROT_READ) = 0
mprotect(0x7ff71e51a000, 8192, PROT_READ) = 0
mprotect(0x7ff71e66a000, 4096, PROT_READ) = 0
mprotect(0x7ff71e66f000, 4096, PROT_READ) = 0
mprotect(0x7ff71e675000, 4096, PROT_READ) = 0
mprotect(0x7ff71e694000, 4096, PROT_READ) = 0
mprotect(0x8f6000, 4096, PROT_READ)     = 0
mprotect(0x7ff71e8c6000, 4096, PROT_READ) = 0
munmap(0x7ff71e88e000, 43407)           = 0
set_tid_address(0x7ff71e4cea10)         = 23997
set_robust_list(0x7ff71e4cea20, 24)     = 0
rt_sigaction(SIGRTMIN, {sa_handler=0x7ff71e67dbf0, sa_mask=[], sa_flags=SA_RESTORER|SA_SIGINFO, sa_restorer=0x7ff71e68b420}, NULL, 8) = 0
rt_sigaction(SIGRT_1, {sa_handler=0x7ff71e67dc90, sa_mask=[], sa_flags=SA_RESTORER|SA_RESTART|SA_SIGINFO, sa_restorer=0x7ff71e68b420}, NULL, 8) = 0
rt_sigprocmask(SIG_UNBLOCK, [RTMIN RT_1], NULL, 8) = 0
prlimit64(0, RLIMIT_STACK, NULL, {rlim_cur=8192*1024, rlim_max=RLIM64_INFINITY}) = 0
brk(NULL)                               = 0x243f000
brk(0x2460000)                          = 0x2460000
openat(AT_FDCWD, "/usr/lib/locale/locale-archive", O_RDONLY|O_CLOEXEC) = 3
fstat(3, {st_mode=S_IFREG|0644, st_size=3035952, ...}) = 0
mmap(NULL, 3035952, PROT_READ, MAP_PRIVATE, 3, 0) = 0x7ff71e1e8000
close(3)                                = 0
openat(AT_FDCWD, "/usr/lib/x86_64-linux-gnu/gconv/gconv-modules.cache", O_RDONLY) = 3
fstat(3, {st_mode=S_IFREG|0644, st_size=27002, ...}) = 0
mmap(NULL, 27002, PROT_READ, MAP_SHARED, 3, 0) = 0x7ff71e892000
close(3)                                = 0
futex(0x7ff71e887954, FUTEX_WAKE_PRIVATE, 2147483647) = 0
readlink("/usr/bin/python3", "python3.8", 4096) = 9
readlink("/usr/bin/python3.8", 0x7ffc61fe7560, 4096) = -1 EINVAL (Invalid argument)
openat(AT_FDCWD, "/usr/bin/pyvenv.cfg", O_RDONLY) = -1 ENOENT (No such file or directory)
openat(AT_FDCWD, "/usr/pyvenv.cfg", O_RDONLY) = -1 ENOENT (No such file or directory)
stat("/usr/bin/Modules/Setup.local", 0x7ffc61fed620) = -1 ENOENT (No such file or directory)
stat("/usr/bin/lib/python3.8/os.py", 0x7ffc61fe84f0) = -1 ENOENT (No such file or directory)
stat("/usr/bin/lib/python3.8/os.pyc", 0x7ffc61fe84f0) = -1 ENOENT (No such file or directory)
stat("/usr/lib/python3.8/os.py", {st_mode=S_IFREG|0644, st_size=38995, ...}) = 0
stat("/usr/bin/pybuilddir.txt", 0x7ffc61fe8600) = -1 ENOENT (No such file or directory)
stat("/usr/bin/lib/python3.8/lib-dynload", 0x7ffc61ff9650) = -1 ENOENT (No such file or directory)
stat("/usr/lib/python3.8/lib-dynload", {st_mode=S_IFDIR|0755, st_size=12288, ...}) = 0
getrandom("\x0f\x1f\x71\xe2\xd1\x2d\xef\x6e\x94\x7b\x3b\x5c\x60\xb4\x43\x8e\x77\xc0\x80\x87\x7b\x91\x98\x01", 24, GRND_NONBLOCK) = 24
mmap(NULL, 262144, PROT_READ|PROT_WRITE, MAP_PRIVATE|MAP_ANONYMOUS, -1, 0) = 0x7ff71e1a8000
mmap(NULL, 262144, PROT_READ|PROT_WRITE, MAP_PRIVATE|MAP_ANONYMOUS, -1, 0) = 0x7ff71e168000
brk(0x2484000)                          = 0x2484000
mmap(NULL, 262144, PROT_READ|PROT_WRITE, MAP_PRIVATE|MAP_ANONYMOUS, -1, 0) = 0x7ff71e128000
sysinfo({uptime=17491, loads=[32, 608, 0], totalram=2079506432, freeram=318738432, sharedram=1048576, bufferram=132657152, totalswap=2147479552, freeswap=2146942976, procs=207, totalhigh=0, freehigh=0, mem_unit=1}) = 0
openat(AT_FDCWD, "/etc/localtime", O_RDONLY|O_CLOEXEC) = 3
fstat(3, {st_mode=S_IFREG|0644, st_size=118, ...}) = 0
fstat(3, {st_mode=S_IFREG|0644, st_size=118, ...}) = 0
brk(0x24a5000)                          = 0x24a5000
read(3, "TZif2\0\0\0\0\0\0\0\0\0\0\0\0\0\0\0\0\0\0\1\0\0\0\1\0\0\0\0"..., 4096) = 118
lseek(3, -62, SEEK_CUR)                 = 56
read(3, "TZif2\0\0\0\0\0\0\0\0\0\0\0\0\0\0\0\0\0\0\1\0\0\0\1\0\0\0\0"..., 4096) = 62
close(3)                                = 0
brk(0x24a4000)                          = 0x24a4000
sigaltstack({ss_sp=0x2485d50, ss_flags=0, ss_size=16384}, {ss_sp=NULL, ss_flags=SS_DISABLE, ss_size=0}) = 0
stat("/usr/lib/python38.zip", 0x7ffc61ffbf70) = -1 ENOENT (No such file or directory)
stat("/usr/lib", {st_mode=S_IFDIR|0755, st_size=4096, ...}) = 0
stat("/usr/lib/python38.zip", 0x7ffc61ffbc20) = -1 ENOENT (No such file or directory)
stat("/usr/lib/python3.8", {st_mode=S_IFDIR|0755, st_size=20480, ...}) = 0
stat("/usr/lib/python3.8", {st_mode=S_IFDIR|0755, st_size=20480, ...}) = 0
stat("/usr/lib/python3.8", {st_mode=S_IFDIR|0755, st_size=20480, ...}) = 0
openat(AT_FDCWD, "/usr/lib/python3.8", O_RDONLY|O_NONBLOCK|O_CLOEXEC|O_DIRECTORY) = 3
fstat(3, {st_mode=S_IFDIR|0755, st_size=20480, ...}) = 0
getdents64(3, /* 206 entries */, 32768) = 6880
getdents64(3, /* 0 entries */, 32768)   = 0
close(3)                                = 0
stat("/usr/lib/python3.8/encodings/__init__.cpython-38-x86_64-linux-gnu.so", 0x7ffc61ffbfe0) = -1 ENOENT (No such file or directory)
stat("/usr/lib/python3.8/encodings/__init__.abi3.so", 0x7ffc61ffbfe0) = -1 ENOENT (No such file or directory)
stat("/usr/lib/python3.8/encodings/__init__.so", 0x7ffc61ffbfe0) = -1 ENOENT (No such file or directory)
stat("/usr/lib/python3.8/encodings/__init__.py", {st_mode=S_IFREG|0644, st_size=5588, ...}) = 0
mmap(NULL, 262144, PROT_READ|PROT_WRITE, MAP_PRIVATE|MAP_ANONYMOUS, -1, 0) = 0x7ff71e0e8000
munmap(0x7ff71e0e8000, 262144)          = 0
mmap(NULL, 262144, PROT_READ|PROT_WRITE, MAP_PRIVATE|MAP_ANONYMOUS, -1, 0) = 0x7ff71e0e8000
munmap(0x7ff71e0e8000, 262144)          = 0
mmap(NULL, 262144, PROT_READ|PROT_WRITE, MAP_PRIVATE|MAP_ANONYMOUS, -1, 0) = 0x7ff71e0e8000
munmap(0x7ff71e0e8000, 262144)          = 0
mmap(NULL, 262144, PROT_READ|PROT_WRITE, MAP_PRIVATE|MAP_ANONYMOUS, -1, 0) = 0x7ff71e0e8000
munmap(0x7ff71e0e8000, 262144)          = 0
mmap(NULL, 262144, PROT_READ|PROT_WRITE, MAP_PRIVATE|MAP_ANONYMOUS, -1, 0) = 0x7ff71e0e8000
munmap(0x7ff71e0e8000, 262144)          = 0
mmap(NULL, 262144, PROT_READ|PROT_WRITE, MAP_PRIVATE|MAP_ANONYMOUS, -1, 0) = 0x7ff71e0e8000
munmap(0x7ff71e0e8000, 262144)          = 0
mmap(NULL, 262144, PROT_READ|PROT_WRITE, MAP_PRIVATE|MAP_ANONYMOUS, -1, 0) = 0x7ff71e0e8000
munmap(0x7ff71e0e8000, 262144)          = 0
mmap(NULL, 262144, PROT_READ|PROT_WRITE, MAP_PRIVATE|MAP_ANONYMOUS, -1, 0) = 0x7ff71e0e8000
munmap(0x7ff71e0e8000, 262144)          = 0
mmap(NULL, 262144, PROT_READ|PROT_WRITE, MAP_PRIVATE|MAP_ANONYMOUS, -1, 0) = 0x7ff71e0e8000
munmap(0x7ff71e0e8000, 262144)          = 0
mmap(NULL, 262144, PROT_READ|PROT_WRITE, MAP_PRIVATE|MAP_ANONYMOUS, -1, 0) = 0x7ff71e0e8000
munmap(0x7ff71e0e8000, 262144)          = 0
mmap(NULL, 262144, PROT_READ|PROT_WRITE, MAP_PRIVATE|MAP_ANONYMOUS, -1, 0) = 0x7ff71e0e8000
munmap(0x7ff71e0e8000, 262144)          = 0
stat("/usr/lib/python3.8/encodings/__init__.py", {st_mode=S_IFREG|0644, st_size=5588, ...}) = 0
mmap(NULL, 262144, PROT_READ|PROT_WRITE, MAP_PRIVATE|MAP_ANONYMOUS, -1, 0) = 0x7ff71e0e8000
munmap(0x7ff71e0e8000, 262144)          = 0
mmap(NULL, 262144, PROT_READ|PROT_WRITE, MAP_PRIVATE|MAP_ANONYMOUS, -1, 0) = 0x7ff71e0e8000
munmap(0x7ff71e0e8000, 262144)          = 0
openat(AT_FDCWD, "/usr/lib/python3.8/encodings/__pycache__/__init__.cpython-38.pyc", O_RDONLY|O_CLOEXEC) = 3
fcntl(3, F_GETFD)                       = 0x1 (flags FD_CLOEXEC)
fstat(3, {st_mode=S_IFREG|0644, st_size=3903, ...}) = 0
ioctl(3, TCGETS, 0x7ffc61ffc540)        = -1 ENOTTY (Inappropriate ioctl for device)
lseek(3, 0, SEEK_CUR)                   = 0
lseek(3, 0, SEEK_CUR)                   = 0
fstat(3, {st_mode=S_IFREG|0644, st_size=3903, ...}) = 0
read(3, "U\r\r\n\0\0\0\0\303;rc\324\25\0\0\343\0\0\0\0\0\0\0\0\0\0\0\0\0\0\0"..., 3904) = 3903
read(3, "", 1)                          = 0
close(3)                                = 0
mmap(NULL, 262144, PROT_READ|PROT_WRITE, MAP_PRIVATE|MAP_ANONYMOUS, -1, 0) = 0x7ff71e0e8000
stat("/usr/lib/python3.8", {st_mode=S_IFDIR|0755, st_size=20480, ...}) = 0
stat("/usr/lib/python3.8/codecs.py", {st_mode=S_IFREG|0644, st_size=36667, ...}) = 0
stat("/usr/lib/python3.8/codecs.py", {st_mode=S_IFREG|0644, st_size=36667, ...}) = 0
openat(AT_FDCWD, "/usr/lib/python3.8/__pycache__/codecs.cpython-38.pyc", O_RDONLY|O_CLOEXEC) = 3
fstat(3, {st_mode=S_IFREG|0644, st_size=33956, ...}) = 0
ioctl(3, TCGETS, 0x7ffc61ffb720)        = -1 ENOTTY (Inappropriate ioctl for device)
lseek(3, 0, SEEK_CUR)                   = 0
lseek(3, 0, SEEK_CUR)                   = 0
fstat(3, {st_mode=S_IFREG|0644, st_size=33956, ...}) = 0
read(3, "U\r\r\n\0\0\0\0\303;rc;\217\0\0\343\0\0\0\0\0\0\0\0\0\0\0\0\0\0\0"..., 33957) = 33956
read(3, "", 1)                          = 0
close(3)                                = 0
stat("/usr/lib/python3.8/encodings", {st_mode=S_IFDIR|0755, st_size=20480, ...}) = 0
stat("/usr/lib/python3.8/encodings", {st_mode=S_IFDIR|0755, st_size=20480, ...}) = 0
stat("/usr/lib/python3.8/encodings", {st_mode=S_IFDIR|0755, st_size=20480, ...}) = 0
openat(AT_FDCWD, "/usr/lib/python3.8/encodings", O_RDONLY|O_NONBLOCK|O_CLOEXEC|O_DIRECTORY) = 3
fstat(3, {st_mode=S_IFDIR|0755, st_size=20480, ...}) = 0
getdents64(3, /* 126 entries */, 32768) = 4264
getdents64(3, /* 0 entries */, 32768)   = 0
close(3)                                = 0
stat("/usr/lib/python3.8/encodings/aliases.py", {st_mode=S_IFREG|0644, st_size=15693, ...}) = 0
stat("/usr/lib/python3.8/encodings/aliases.py", {st_mode=S_IFREG|0644, st_size=15693, ...}) = 0
openat(AT_FDCWD, "/usr/lib/python3.8/encodings/__pycache__/aliases.cpython-38.pyc", O_RDONLY|O_CLOEXEC) = 3
fstat(3, {st_mode=S_IFREG|0644, st_size=6330, ...}) = 0
ioctl(3, TCGETS, 0x7ffc61ffaf40)        = -1 ENOTTY (Inappropriate ioctl for device)
lseek(3, 0, SEEK_CUR)                   = 0
lseek(3, 0, SEEK_CUR)                   = 0
fstat(3, {st_mode=S_IFREG|0644, st_size=6330, ...}) = 0
read(3, "U\r\r\n\0\0\0\0\303;rcM=\0\0\343\0\0\0\0\0\0\0\0\0\0\0\0\0\0\0"..., 6331) = 6330
read(3, "", 1)                          = 0
close(3)                                = 0
stat("/usr/lib/python3.8/encodings", {st_mode=S_IFDIR|0755, st_size=20480, ...}) = 0
stat("/usr/lib/python3.8/encodings/utf_8.py", {st_mode=S_IFREG|0644, st_size=1005, ...}) = 0
stat("/usr/lib/python3.8/encodings/utf_8.py", {st_mode=S_IFREG|0644, st_size=1005, ...}) = 0
openat(AT_FDCWD, "/usr/lib/python3.8/encodings/__pycache__/utf_8.cpython-38.pyc", O_RDONLY|O_CLOEXEC) = 3
fstat(3, {st_mode=S_IFREG|0644, st_size=1630, ...}) = 0
ioctl(3, TCGETS, 0x7ffc61ffc550)        = -1 ENOTTY (Inappropriate ioctl for device)
lseek(3, 0, SEEK_CUR)                   = 0
lseek(3, 0, SEEK_CUR)                   = 0
fstat(3, {st_mode=S_IFREG|0644, st_size=1630, ...}) = 0
read(3, "U\r\r\n\0\0\0\0\303;rc\355\3\0\0\343\0\0\0\0\0\0\0\0\0\0\0\0\0\0\0"..., 1631) = 1630
read(3, "", 1)                          = 0
close(3)                                = 0
rt_sigaction(SIGPIPE, {sa_handler=SIG_IGN, sa_mask=[], sa_flags=SA_RESTORER, sa_restorer=0x7ff71e6dd090}, {sa_handler=SIG_DFL, sa_mask=[], sa_flags=0}, 8) = 0
rt_sigaction(SIGXFSZ, {sa_handler=SIG_IGN, sa_mask=[], sa_flags=SA_RESTORER, sa_restorer=0x7ff71e6dd090}, {sa_handler=SIG_DFL, sa_mask=[], sa_flags=0}, 8) = 0
rt_sigaction(SIGHUP, NULL, {sa_handler=SIG_DFL, sa_mask=[], sa_flags=0}, 8) = 0
rt_sigaction(SIGINT, NULL, {sa_handler=SIG_DFL, sa_mask=[], sa_flags=0}, 8) = 0
rt_sigaction(SIGQUIT, NULL, {sa_handler=SIG_DFL, sa_mask=[], sa_flags=0}, 8) = 0
rt_sigaction(SIGILL, NULL, {sa_handler=SIG_DFL, sa_mask=[], sa_flags=0}, 8) = 0
rt_sigaction(SIGTRAP, NULL, {sa_handler=SIG_DFL, sa_mask=[], sa_flags=0}, 8) = 0
rt_sigaction(SIGABRT, NULL, {sa_handler=SIG_DFL, sa_mask=[], sa_flags=0}, 8) = 0
rt_sigaction(SIGBUS, NULL, {sa_handler=SIG_DFL, sa_mask=[], sa_flags=0}, 8) = 0
rt_sigaction(SIGFPE, NULL, {sa_handler=SIG_DFL, sa_mask=[], sa_flags=0}, 8) = 0
rt_sigaction(SIGKILL, NULL, {sa_handler=SIG_DFL, sa_mask=[], sa_flags=0}, 8) = 0
rt_sigaction(SIGUSR1, NULL, {sa_handler=SIG_DFL, sa_mask=[], sa_flags=0}, 8) = 0
rt_sigaction(SIGSEGV, NULL, {sa_handler=SIG_DFL, sa_mask=[], sa_flags=0}, 8) = 0
rt_sigaction(SIGUSR2, NULL, {sa_handler=SIG_DFL, sa_mask=[], sa_flags=0}, 8) = 0
rt_sigaction(SIGPIPE, NULL, {sa_handler=SIG_IGN, sa_mask=[], sa_flags=SA_RESTORER, sa_restorer=0x7ff71e6dd090}, 8) = 0
rt_sigaction(SIGALRM, NULL, {sa_handler=SIG_DFL, sa_mask=[], sa_flags=0}, 8) = 0
rt_sigaction(SIGTERM, NULL, {sa_handler=SIG_DFL, sa_mask=[], sa_flags=0}, 8) = 0
rt_sigaction(SIGSTKFLT, NULL, {sa_handler=SIG_DFL, sa_mask=[], sa_flags=0}, 8) = 0
rt_sigaction(SIGCHLD, NULL, {sa_handler=SIG_DFL, sa_mask=[], sa_flags=0}, 8) = 0
rt_sigaction(SIGCONT, NULL, {sa_handler=SIG_DFL, sa_mask=[], sa_flags=0}, 8) = 0
rt_sigaction(SIGSTOP, NULL, {sa_handler=SIG_DFL, sa_mask=[], sa_flags=0}, 8) = 0
rt_sigaction(SIGTSTP, NULL, {sa_handler=SIG_DFL, sa_mask=[], sa_flags=0}, 8) = 0
rt_sigaction(SIGTTIN, NULL, {sa_handler=SIG_DFL, sa_mask=[], sa_flags=0}, 8) = 0
rt_sigaction(SIGTTOU, NULL, {sa_handler=SIG_DFL, sa_mask=[], sa_flags=0}, 8) = 0
rt_sigaction(SIGURG, NULL, {sa_handler=SIG_DFL, sa_mask=[], sa_flags=0}, 8) = 0
rt_sigaction(SIGXCPU, NULL, {sa_handler=SIG_DFL, sa_mask=[], sa_flags=0}, 8) = 0
rt_sigaction(SIGXFSZ, NULL, {sa_handler=SIG_IGN, sa_mask=[], sa_flags=SA_RESTORER, sa_restorer=0x7ff71e6dd090}, 8) = 0
rt_sigaction(SIGVTALRM, NULL, {sa_handler=SIG_DFL, sa_mask=[], sa_flags=0}, 8) = 0
rt_sigaction(SIGPROF, NULL, {sa_handler=SIG_DFL, sa_mask=[], sa_flags=0}, 8) = 0
rt_sigaction(SIGWINCH, NULL, {sa_handler=SIG_DFL, sa_mask=[], sa_flags=0}, 8) = 0
rt_sigaction(SIGIO, NULL, {sa_handler=SIG_DFL, sa_mask=[], sa_flags=0}, 8) = 0
rt_sigaction(SIGPWR, NULL, {sa_handler=SIG_DFL, sa_mask=[], sa_flags=0}, 8) = 0
rt_sigaction(SIGSYS, NULL, {sa_handler=SIG_DFL, sa_mask=[], sa_flags=0}, 8) = 0
rt_sigaction(SIGRT_2, NULL, {sa_handler=SIG_DFL, sa_mask=[], sa_flags=0}, 8) = 0
rt_sigaction(SIGRT_3, NULL, {sa_handler=SIG_DFL, sa_mask=[], sa_flags=0}, 8) = 0
rt_sigaction(SIGRT_4, NULL, {sa_handler=SIG_DFL, sa_mask=[], sa_flags=0}, 8) = 0
rt_sigaction(SIGRT_5, NULL, {sa_handler=SIG_DFL, sa_mask=[], sa_flags=0}, 8) = 0
rt_sigaction(SIGRT_6, NULL, {sa_handler=SIG_DFL, sa_mask=[], sa_flags=0}, 8) = 0
rt_sigaction(SIGRT_7, NULL, {sa_handler=SIG_DFL, sa_mask=[], sa_flags=0}, 8) = 0
rt_sigaction(SIGRT_8, NULL, {sa_handler=SIG_DFL, sa_mask=[], sa_flags=0}, 8) = 0
rt_sigaction(SIGRT_9, NULL, {sa_handler=SIG_DFL, sa_mask=[], sa_flags=0}, 8) = 0
rt_sigaction(SIGRT_10, NULL, {sa_handler=SIG_DFL, sa_mask=[], sa_flags=0}, 8) = 0
rt_sigaction(SIGRT_11, NULL, {sa_handler=SIG_DFL, sa_mask=[], sa_flags=0}, 8) = 0
rt_sigaction(SIGRT_12, NULL, {sa_handler=SIG_DFL, sa_mask=[], sa_flags=0}, 8) = 0
rt_sigaction(SIGRT_13, NULL, {sa_handler=SIG_DFL, sa_mask=[], sa_flags=0}, 8) = 0
rt_sigaction(SIGRT_14, NULL, {sa_handler=SIG_DFL, sa_mask=[], sa_flags=0}, 8) = 0
rt_sigaction(SIGRT_15, NULL, {sa_handler=SIG_DFL, sa_mask=[], sa_flags=0}, 8) = 0
rt_sigaction(SIGRT_16, NULL, {sa_handler=SIG_DFL, sa_mask=[], sa_flags=0}, 8) = 0
rt_sigaction(SIGRT_17, NULL, {sa_handler=SIG_DFL, sa_mask=[], sa_flags=0}, 8) = 0
rt_sigaction(SIGRT_18, NULL, {sa_handler=SIG_DFL, sa_mask=[], sa_flags=0}, 8) = 0
rt_sigaction(SIGRT_19, NULL, {sa_handler=SIG_DFL, sa_mask=[], sa_flags=0}, 8) = 0
rt_sigaction(SIGRT_20, NULL, {sa_handler=SIG_DFL, sa_mask=[], sa_flags=0}, 8) = 0
rt_sigaction(SIGRT_21, NULL, {sa_handler=SIG_DFL, sa_mask=[], sa_flags=0}, 8) = 0
rt_sigaction(SIGRT_22, NULL, {sa_handler=SIG_DFL, sa_mask=[], sa_flags=0}, 8) = 0
rt_sigaction(SIGRT_23, NULL, {sa_handler=SIG_DFL, sa_mask=[], sa_flags=0}, 8) = 0
rt_sigaction(SIGRT_24, NULL, {sa_handler=SIG_DFL, sa_mask=[], sa_flags=0}, 8) = 0
rt_sigaction(SIGRT_25, NULL, {sa_handler=SIG_DFL, sa_mask=[], sa_flags=0}, 8) = 0
rt_sigaction(SIGRT_26, NULL, {sa_handler=SIG_DFL, sa_mask=[], sa_flags=0}, 8) = 0
rt_sigaction(SIGRT_27, NULL, {sa_handler=SIG_DFL, sa_mask=[], sa_flags=0}, 8) = 0
rt_sigaction(SIGRT_28, NULL, {sa_handler=SIG_DFL, sa_mask=[], sa_flags=0}, 8) = 0
rt_sigaction(SIGRT_29, NULL, {sa_handler=SIG_DFL, sa_mask=[], sa_flags=0}, 8) = 0
rt_sigaction(SIGRT_30, NULL, {sa_handler=SIG_DFL, sa_mask=[], sa_flags=0}, 8) = 0
rt_sigaction(SIGRT_31, NULL, {sa_handler=SIG_DFL, sa_mask=[], sa_flags=0}, 8) = 0
rt_sigaction(SIGRT_32, NULL, {sa_handler=SIG_DFL, sa_mask=[], sa_flags=0}, 8) = 0
rt_sigaction(SIGINT, {sa_handler=0x6290e0, sa_mask=[], sa_flags=SA_RESTORER, sa_restorer=0x7ff71e6dd090}, {sa_handler=SIG_DFL, sa_mask=[], sa_flags=0}, 8) = 0
fstat(0, {st_mode=S_IFCHR|0620, st_rdev=makedev(0x88, 0), ...}) = 0
stat("/usr/lib/python3.8/encodings", {st_mode=S_IFDIR|0755, st_size=20480, ...}) = 0
stat("/usr/lib/python3.8/encodings/latin_1.py", {st_mode=S_IFREG|0644, st_size=1264, ...}) = 0
stat("/usr/lib/python3.8/encodings/latin_1.py", {st_mode=S_IFREG|0644, st_size=1264, ...}) = 0
openat(AT_FDCWD, "/usr/lib/python3.8/encodings/__pycache__/latin_1.cpython-38.pyc", O_RDONLY|O_CLOEXEC) = 3
fstat(3, {st_mode=S_IFREG|0644, st_size=1893, ...}) = 0
ioctl(3, TCGETS, 0x7ffc61ffc570)        = -1 ENOTTY (Inappropriate ioctl for device)
lseek(3, 0, SEEK_CUR)                   = 0
lseek(3, 0, SEEK_CUR)                   = 0
fstat(3, {st_mode=S_IFREG|0644, st_size=1893, ...}) = 0
read(3, "U\r\r\n\0\0\0\0\303;rc\360\4\0\0\343\0\0\0\0\0\0\0\0\0\0\0\0\0\0\0"..., 1894) = 1893
read(3, "", 1)                          = 0
close(3)                                = 0
stat("/usr/lib/python3.8", {st_mode=S_IFDIR|0755, st_size=20480, ...}) = 0
stat("/usr/lib/python3.8/io.py", {st_mode=S_IFREG|0644, st_size=3541, ...}) = 0
stat("/usr/lib/python3.8/io.py", {st_mode=S_IFREG|0644, st_size=3541, ...}) = 0
openat(AT_FDCWD, "/usr/lib/python3.8/__pycache__/io.cpython-38.pyc", O_RDONLY|O_CLOEXEC) = 3
fstat(3, {st_mode=S_IFREG|0644, st_size=3454, ...}) = 0
ioctl(3, TCGETS, 0x7ffc61ffc570)        = -1 ENOTTY (Inappropriate ioctl for device)
lseek(3, 0, SEEK_CUR)                   = 0
lseek(3, 0, SEEK_CUR)                   = 0
fstat(3, {st_mode=S_IFREG|0644, st_size=3454, ...}) = 0
read(3, "U\r\r\n\0\0\0\0\303;rc\325\r\0\0\343\0\0\0\0\0\0\0\0\0\0\0\0\0\0\0"..., 3455) = 3454
read(3, "", 1)                          = 0
close(3)                                = 0
stat("/usr/lib/python3.8", {st_mode=S_IFDIR|0755, st_size=20480, ...}) = 0
stat("/usr/lib/python3.8/abc.py", {st_mode=S_IFREG|0644, st_size=4489, ...}) = 0
stat("/usr/lib/python3.8/abc.py", {st_mode=S_IFREG|0644, st_size=4489, ...}) = 0
openat(AT_FDCWD, "/usr/lib/python3.8/__pycache__/abc.cpython-38.pyc", O_RDONLY|O_CLOEXEC) = 3
fstat(3, {st_mode=S_IFREG|0644, st_size=5334, ...}) = 0
ioctl(3, TCGETS, 0x7ffc61ffb750)        = -1 ENOTTY (Inappropriate ioctl for device)
lseek(3, 0, SEEK_CUR)                   = 0
lseek(3, 0, SEEK_CUR)                   = 0
fstat(3, {st_mode=S_IFREG|0644, st_size=5334, ...}) = 0
read(3, "U\r\r\n\0\0\0\0\303;rc\211\21\0\0\343\0\0\0\0\0\0\0\0\0\0\0\0\0\0\0"..., 5335) = 5334
read(3, "", 1)                          = 0
close(3)                                = 0
brk(0x24c5000)                          = 0x24c5000
dup(0)                                  = 3
close(3)                                = 0
fstat(0, {st_mode=S_IFCHR|0620, st_rdev=makedev(0x88, 0), ...}) = 0
ioctl(0, TCGETS, {B38400 opost isig icanon echo ...}) = 0
lseek(0, 0, SEEK_CUR)                   = -1 ESPIPE (Illegal seek)
ioctl(0, TCGETS, {B38400 opost isig icanon echo ...}) = 0
dup(1)                                  = 3
close(3)                                = 0
fstat(1, {st_mode=S_IFCHR|0620, st_rdev=makedev(0x88, 0), ...}) = 0
ioctl(1, TCGETS, {B38400 opost isig icanon echo ...}) = 0
lseek(1, 0, SEEK_CUR)                   = -1 ESPIPE (Illegal seek)
ioctl(1, TCGETS, {B38400 opost isig icanon echo ...}) = 0
dup(2)                                  = 3
close(3)                                = 0
fstat(2, {st_mode=S_IFCHR|0620, st_rdev=makedev(0x88, 0), ...}) = 0
ioctl(2, TCGETS, {B38400 opost isig icanon echo ...}) = 0
lseek(2, 0, SEEK_CUR)                   = -1 ESPIPE (Illegal seek)
ioctl(2, TCGETS, {B38400 opost isig icanon echo ...}) = 0
stat("/usr/lib/python3.8", {st_mode=S_IFDIR|0755, st_size=20480, ...}) = 0
stat("/usr/lib/python3.8/site.py", {st_mode=S_IFREG|0644, st_size=22336, ...}) = 0
stat("/usr/lib/python3.8/site.py", {st_mode=S_IFREG|0644, st_size=22336, ...}) = 0
openat(AT_FDCWD, "/usr/lib/python3.8/__pycache__/site.cpython-38.pyc", O_RDONLY|O_CLOEXEC) = 3
fstat(3, {st_mode=S_IFREG|0644, st_size=17168, ...}) = 0
ioctl(3, TCGETS, 0x7ffc61ffc640)        = -1 ENOTTY (Inappropriate ioctl for device)
lseek(3, 0, SEEK_CUR)                   = 0
lseek(3, 0, SEEK_CUR)                   = 0
fstat(3, {st_mode=S_IFREG|0644, st_size=17168, ...}) = 0
read(3, "U\r\r\n\0\0\0\0\303;rc@W\0\0\343\0\0\0\0\0\0\0\0\0\0\0\0\0\0\0"..., 17169) = 17168
read(3, "", 1)                          = 0
close(3)                                = 0
stat("/usr/lib/python3.8", {st_mode=S_IFDIR|0755, st_size=20480, ...}) = 0
stat("/usr/lib/python3.8/os.py", {st_mode=S_IFREG|0644, st_size=38995, ...}) = 0
stat("/usr/lib/python3.8/os.py", {st_mode=S_IFREG|0644, st_size=38995, ...}) = 0
openat(AT_FDCWD, "/usr/lib/python3.8/__pycache__/os.cpython-38.pyc", O_RDONLY|O_CLOEXEC) = 3
fstat(3, {st_mode=S_IFREG|0644, st_size=31397, ...}) = 0
ioctl(3, TCGETS, 0x7ffc61ffb820)        = -1 ENOTTY (Inappropriate ioctl for device)
lseek(3, 0, SEEK_CUR)                   = 0
lseek(3, 0, SEEK_CUR)                   = 0
fstat(3, {st_mode=S_IFREG|0644, st_size=31397, ...}) = 0
read(3, "U\r\r\n\0\0\0\0\303;rcS\230\0\0\343\0\0\0\0\0\0\0\0\0\0\0\0\0\0\0"..., 31398) = 31397
read(3, "", 1)                          = 0
close(3)                                = 0
mmap(NULL, 262144, PROT_READ|PROT_WRITE, MAP_PRIVATE|MAP_ANONYMOUS, -1, 0) = 0x7ff71e0a8000
stat("/usr/lib/python3.8", {st_mode=S_IFDIR|0755, st_size=20480, ...}) = 0
stat("/usr/lib/python3.8/stat.py", {st_mode=S_IFREG|0644, st_size=5485, ...}) = 0
stat("/usr/lib/python3.8/stat.py", {st_mode=S_IFREG|0644, st_size=5485, ...}) = 0
openat(AT_FDCWD, "/usr/lib/python3.8/__pycache__/stat.cpython-38.pyc", O_RDONLY|O_CLOEXEC) = 3
fstat(3, {st_mode=S_IFREG|0644, st_size=4372, ...}) = 0
ioctl(3, TCGETS, 0x7ffc61ffaa00)        = -1 ENOTTY (Inappropriate ioctl for device)
lseek(3, 0, SEEK_CUR)                   = 0
lseek(3, 0, SEEK_CUR)                   = 0
fstat(3, {st_mode=S_IFREG|0644, st_size=4372, ...}) = 0
read(3, "U\r\r\n\0\0\0\0\303;rcm\25\0\0\343\0\0\0\0\0\0\0\0\0\0\0\0\0\0\0"..., 4373) = 4372
read(3, "", 1)                          = 0
close(3)                                = 0
mmap(NULL, 151552, PROT_READ|PROT_WRITE, MAP_PRIVATE|MAP_ANONYMOUS, -1, 0) = 0x7ff71e083000
stat("/usr/lib/python3.8", {st_mode=S_IFDIR|0755, st_size=20480, ...}) = 0
stat("/usr/lib/python3.8/_collections_abc.py", {st_mode=S_IFREG|0644, st_size=26100, ...}) = 0
stat("/usr/lib/python3.8/_collections_abc.py", {st_mode=S_IFREG|0644, st_size=26100, ...}) = 0
openat(AT_FDCWD, "/usr/lib/python3.8/__pycache__/_collections_abc.cpython-38.pyc", O_RDONLY|O_CLOEXEC) = 3
fstat(3, {st_mode=S_IFREG|0644, st_size=28741, ...}) = 0
ioctl(3, TCGETS, 0x7ffc61ffaa00)        = -1 ENOTTY (Inappropriate ioctl for device)
lseek(3, 0, SEEK_CUR)                   = 0
lseek(3, 0, SEEK_CUR)                   = 0
fstat(3, {st_mode=S_IFREG|0644, st_size=28741, ...}) = 0
read(3, "U\r\r\n\0\0\0\0\303;rc\364e\0\0\343\0\0\0\0\0\0\0\0\0\0\0\0\0\0\0"..., 28742) = 28741
read(3, "", 1)                          = 0
close(3)                                = 0
stat("/usr/lib/python3.8", {st_mode=S_IFDIR|0755, st_size=20480, ...}) = 0
stat("/usr/lib/python3.8/posixpath.py", {st_mode=S_IFREG|0644, st_size=15627, ...}) = 0
stat("/usr/lib/python3.8/posixpath.py", {st_mode=S_IFREG|0644, st_size=15627, ...}) = 0
openat(AT_FDCWD, "/usr/lib/python3.8/__pycache__/posixpath.cpython-38.pyc", O_RDONLY|O_CLOEXEC) = 3
fstat(3, {st_mode=S_IFREG|0644, st_size=10428, ...}) = 0
ioctl(3, TCGETS, 0x7ffc61ffaa00)        = -1 ENOTTY (Inappropriate ioctl for device)
lseek(3, 0, SEEK_CUR)                   = 0
lseek(3, 0, SEEK_CUR)                   = 0
fstat(3, {st_mode=S_IFREG|0644, st_size=10428, ...}) = 0
read(3, "U\r\r\n\0\0\0\0\303;rc\v=\0\0\343\0\0\0\0\0\0\0\0\0\0\0\0\0\0\0"..., 10429) = 10428
read(3, "", 1)                          = 0
close(3)                                = 0
stat("/usr/lib/python3.8", {st_mode=S_IFDIR|0755, st_size=20480, ...}) = 0
stat("/usr/lib/python3.8/genericpath.py", {st_mode=S_IFREG|0644, st_size=4975, ...}) = 0
stat("/usr/lib/python3.8/genericpath.py", {st_mode=S_IFREG|0644, st_size=4975, ...}) = 0
openat(AT_FDCWD, "/usr/lib/python3.8/__pycache__/genericpath.cpython-38.pyc", O_RDONLY|O_CLOEXEC) = 3
fstat(3, {st_mode=S_IFREG|0644, st_size=4001, ...}) = 0
ioctl(3, TCGETS, 0x7ffc61ff9be0)        = -1 ENOTTY (Inappropriate ioctl for device)
lseek(3, 0, SEEK_CUR)                   = 0
lseek(3, 0, SEEK_CUR)                   = 0
fstat(3, {st_mode=S_IFREG|0644, st_size=4001, ...}) = 0
read(3, "U\r\r\n\0\0\0\0\303;rco\23\0\0\343\0\0\0\0\0\0\0\0\0\0\0\0\0\0\0"..., 4002) = 4001
read(3, "", 1)                          = 0
close(3)                                = 0
mmap(NULL, 262144, PROT_READ|PROT_WRITE, MAP_PRIVATE|MAP_ANONYMOUS, -1, 0) = 0x7ff71e043000
munmap(0x7ff71e043000, 262144)          = 0
mmap(NULL, 262144, PROT_READ|PROT_WRITE, MAP_PRIVATE|MAP_ANONYMOUS, -1, 0) = 0x7ff71e043000
stat("/usr/lib/python3.8", {st_mode=S_IFDIR|0755, st_size=20480, ...}) = 0
stat("/usr/lib/python3.8/_sitebuiltins.py", {st_mode=S_IFREG|0644, st_size=3115, ...}) = 0
stat("/usr/lib/python3.8/_sitebuiltins.py", {st_mode=S_IFREG|0644, st_size=3115, ...}) = 0
openat(AT_FDCWD, "/usr/lib/python3.8/__pycache__/_sitebuiltins.cpython-38.pyc", O_RDONLY|O_CLOEXEC) = 3
fstat(3, {st_mode=S_IFREG|0644, st_size=3481, ...}) = 0
ioctl(3, TCGETS, 0x7ffc61ffb820)        = -1 ENOTTY (Inappropriate ioctl for device)
lseek(3, 0, SEEK_CUR)                   = 0
lseek(3, 0, SEEK_CUR)                   = 0
fstat(3, {st_mode=S_IFREG|0644, st_size=3481, ...}) = 0
read(3, "U\r\r\n\0\0\0\0\303;rc+\f\0\0\343\0\0\0\0\0\0\0\0\0\0\0\0\0\0\0"..., 3482) = 3481
read(3, "", 1)                          = 0
close(3)                                = 0
stat("/usr/bin/pyvenv.cfg", 0x7ffc61ffc090) = -1 ENOENT (No such file or directory)
stat("/usr/pyvenv.cfg", 0x7ffc61ffc090) = -1 ENOENT (No such file or directory)
geteuid()                               = 1000
getuid()                                = 1000
getegid()                               = 1000
getgid()                                = 1000
stat("/home/vagrant/.local/lib/python3.8/site-packages", 0x7ffc61ffc330) = -1 ENOENT (No such file or directory)
stat("/usr/local/lib/python3.8/dist-packages", {st_mode=S_IFDIR|S_ISGID|0775, st_size=4096, ...}) = 0
openat(AT_FDCWD, "/usr/local/lib/python3.8/dist-packages", O_RDONLY|O_NONBLOCK|O_CLOEXEC|O_DIRECTORY) = 3
fstat(3, {st_mode=S_IFDIR|S_ISGID|0775, st_size=4096, ...}) = 0
getdents64(3, /* 2 entries */, 32768)   = 48
getdents64(3, /* 0 entries */, 32768)   = 0
close(3)                                = 0
stat("/usr/lib/python3/dist-packages", {st_mode=S_IFDIR|0755, st_size=12288, ...}) = 0
openat(AT_FDCWD, "/usr/lib/python3/dist-packages", O_RDONLY|O_NONBLOCK|O_CLOEXEC|O_DIRECTORY) = 3
fstat(3, {st_mode=S_IFDIR|0755, st_size=12288, ...}) = 0
getdents64(3, /* 187 entries */, 32768) = 7816
getdents64(3, /* 0 entries */, 32768)   = 0
close(3)                                = 0
openat(AT_FDCWD, "/usr/lib/python3/dist-packages/matplotlib-3.1.2-nspkg.pth", O_RDONLY|O_CLOEXEC) = 3
fstat(3, {st_mode=S_IFREG|0644, st_size=569, ...}) = 0
ioctl(3, TCGETS, 0x7ffc61ffbb50)        = -1 ENOTTY (Inappropriate ioctl for device)
lseek(3, 0, SEEK_CUR)                   = 0
ioctl(3, TCGETS, 0x7ffc61ffbee0)        = -1 ENOTTY (Inappropriate ioctl for device)
stat("/usr/lib/python3.8", {st_mode=S_IFDIR|0755, st_size=20480, ...}) = 0
stat("/usr/lib/python3.8/_bootlocale.py", {st_mode=S_IFREG|0644, st_size=1801, ...}) = 0
stat("/usr/lib/python3.8/_bootlocale.py", {st_mode=S_IFREG|0644, st_size=1801, ...}) = 0
openat(AT_FDCWD, "/usr/lib/python3.8/__pycache__/_bootlocale.cpython-38.pyc", O_RDONLY|O_CLOEXEC) = 4
fstat(4, {st_mode=S_IFREG|0644, st_size=1243, ...}) = 0
ioctl(4, TCGETS, 0x7ffc61ffac30)        = -1 ENOTTY (Inappropriate ioctl for device)
lseek(4, 0, SEEK_CUR)                   = 0
lseek(4, 0, SEEK_CUR)                   = 0
fstat(4, {st_mode=S_IFREG|0644, st_size=1243, ...}) = 0
read(4, "U\r\r\n\0\0\0\0\303;rc\t\7\0\0\343\0\0\0\0\0\0\0\0\0\0\0\0\0\0\0"..., 1244) = 1243
read(4, "", 1)                          = 0
close(4)                                = 0
read(3, "import sys, types, os;has_mfs = "..., 8192) = 569
stat("/usr/lib/python3.8", {st_mode=S_IFDIR|0755, st_size=20480, ...}) = 0
stat("/usr/lib/python3.8/types.py", {st_mode=S_IFREG|0644, st_size=9713, ...}) = 0
stat("/usr/lib/python3.8/types.py", {st_mode=S_IFREG|0644, st_size=9713, ...}) = 0
openat(AT_FDCWD, "/usr/lib/python3.8/__pycache__/types.cpython-38.pyc", O_RDONLY|O_CLOEXEC) = 4
fstat(4, {st_mode=S_IFREG|0644, st_size=9177, ...}) = 0
ioctl(4, TCGETS, 0x7ffc61ffac70)        = -1 ENOTTY (Inappropriate ioctl for device)
lseek(4, 0, SEEK_CUR)                   = 0
lseek(4, 0, SEEK_CUR)                   = 0
fstat(4, {st_mode=S_IFREG|0644, st_size=9177, ...}) = 0
read(4, "U\r\r\n\0\0\0\0\303;rc\361%\0\0\343\0\0\0\0\0\0\0\0\0\0\0\0\0\0\0"..., 9178) = 9177
read(4, "", 1)                          = 0
close(4)                                = 0
stat("/usr/lib/python3.8", {st_mode=S_IFDIR|0755, st_size=20480, ...}) = 0
stat("/usr/lib/python3.8/importlib/__init__.cpython-38-x86_64-linux-gnu.so", 0x7ffc61ff9df0) = -1 ENOENT (No such file or directory)
stat("/usr/lib/python3.8/importlib/__init__.abi3.so", 0x7ffc61ff9df0) = -1 ENOENT (No such file or directory)
stat("/usr/lib/python3.8/importlib/__init__.so", 0x7ffc61ff9df0) = -1 ENOENT (No such file or directory)
stat("/usr/lib/python3.8/importlib/__init__.py", {st_mode=S_IFREG|0644, st_size=6061, ...}) = 0
stat("/usr/lib/python3.8/importlib/__init__.py", {st_mode=S_IFREG|0644, st_size=6061, ...}) = 0
openat(AT_FDCWD, "/usr/lib/python3.8/importlib/__pycache__/__init__.cpython-38.pyc", O_RDONLY|O_CLOEXEC) = 4
fstat(4, {st_mode=S_IFREG|0644, st_size=3758, ...}) = 0
ioctl(4, TCGETS, 0x7ffc61ffa350)        = -1 ENOTTY (Inappropriate ioctl for device)
lseek(4, 0, SEEK_CUR)                   = 0
lseek(4, 0, SEEK_CUR)                   = 0
fstat(4, {st_mode=S_IFREG|0644, st_size=3758, ...}) = 0
read(4, "U\r\r\n\0\0\0\0\303;rc\255\27\0\0\343\0\0\0\0\0\0\0\0\0\0\0\0\0\0\0"..., 3759) = 3758
read(4, "", 1)                          = 0
close(4)                                = 0
stat("/usr/lib/python3.8", {st_mode=S_IFDIR|0755, st_size=20480, ...}) = 0
stat("/usr/lib/python3.8/warnings.py", {st_mode=S_IFREG|0644, st_size=19688, ...}) = 0
stat("/usr/lib/python3.8/warnings.py", {st_mode=S_IFREG|0644, st_size=19688, ...}) = 0
openat(AT_FDCWD, "/usr/lib/python3.8/__pycache__/warnings.cpython-38.pyc", O_RDONLY|O_CLOEXEC) = 4
fstat(4, {st_mode=S_IFREG|0644, st_size=13652, ...}) = 0
ioctl(4, TCGETS, 0x7ffc61ff9530)        = -1 ENOTTY (Inappropriate ioctl for device)
lseek(4, 0, SEEK_CUR)                   = 0
lseek(4, 0, SEEK_CUR)                   = 0
fstat(4, {st_mode=S_IFREG|0644, st_size=13652, ...}) = 0
read(4, "U\r\r\n\0\0\0\0\303;rc\350L\0\0\343\0\0\0\0\0\0\0\0\0\0\0\0\0\0\0"..., 13653) = 13652
read(4, "", 1)                          = 0
close(4)                                = 0
stat("/usr/lib/python3.8/importlib", {st_mode=S_IFDIR|0755, st_size=4096, ...}) = 0
stat("/usr/lib/python3.8/importlib", {st_mode=S_IFDIR|0755, st_size=4096, ...}) = 0
stat("/usr/lib/python3.8/importlib", {st_mode=S_IFDIR|0755, st_size=4096, ...}) = 0
openat(AT_FDCWD, "/usr/lib/python3.8/importlib", O_RDONLY|O_NONBLOCK|O_CLOEXEC|O_DIRECTORY) = 4
fstat(4, {st_mode=S_IFDIR|0755, st_size=4096, ...}) = 0
getdents64(4, /* 11 entries */, 32768)  = 360
getdents64(4, /* 0 entries */, 32768)   = 0
close(4)                                = 0
stat("/usr/lib/python3.8/importlib/util.py", {st_mode=S_IFREG|0644, st_size=11319, ...}) = 0
stat("/usr/lib/python3.8/importlib/util.py", {st_mode=S_IFREG|0644, st_size=11319, ...}) = 0
openat(AT_FDCWD, "/usr/lib/python3.8/importlib/__pycache__/util.cpython-38.pyc", O_RDONLY|O_CLOEXEC) = 4
fstat(4, {st_mode=S_IFREG|0644, st_size=9292, ...}) = 0
ioctl(4, TCGETS, 0x7ffc61ffabb0)        = -1 ENOTTY (Inappropriate ioctl for device)
lseek(4, 0, SEEK_CUR)                   = 0
lseek(4, 0, SEEK_CUR)                   = 0
fstat(4, {st_mode=S_IFREG|0644, st_size=9292, ...}) = 0
read(4, "U\r\r\n\0\0\0\0\303;rc7,\0\0\343\0\0\0\0\0\0\0\0\0\0\0\0\0\0\0"..., 9293) = 9292
read(4, "", 1)                          = 0
close(4)                                = 0
stat("/usr/lib/python3.8/importlib", {st_mode=S_IFDIR|0755, st_size=4096, ...}) = 0
stat("/usr/lib/python3.8/importlib/abc.py", {st_mode=S_IFREG|0644, st_size=12873, ...}) = 0
stat("/usr/lib/python3.8/importlib/abc.py", {st_mode=S_IFREG|0644, st_size=12873, ...}) = 0
openat(AT_FDCWD, "/usr/lib/python3.8/importlib/__pycache__/abc.cpython-38.pyc", O_RDONLY|O_CLOEXEC) = 4
fstat(4, {st_mode=S_IFREG|0644, st_size=13573, ...}) = 0
ioctl(4, TCGETS, 0x7ffc61ff95b0)        = -1 ENOTTY (Inappropriate ioctl for device)
lseek(4, 0, SEEK_CUR)                   = 0
lseek(4, 0, SEEK_CUR)                   = 0
fstat(4, {st_mode=S_IFREG|0644, st_size=13573, ...}) = 0
read(4, "U\r\r\n\0\0\0\0\303;rcI2\0\0\343\0\0\0\0\0\0\0\0\0\0\0\0\0\0\0"..., 13574) = 13573
read(4, "", 1)                          = 0
close(4)                                = 0
stat("/usr/lib/python3.8/importlib", {st_mode=S_IFDIR|0755, st_size=4096, ...}) = 0
stat("/usr/lib/python3.8/importlib/machinery.py", {st_mode=S_IFREG|0644, st_size=844, ...}) = 0
stat("/usr/lib/python3.8/importlib/machinery.py", {st_mode=S_IFREG|0644, st_size=844, ...}) = 0
openat(AT_FDCWD, "/usr/lib/python3.8/importlib/__pycache__/machinery.cpython-38.pyc", O_RDONLY|O_CLOEXEC) = 4
fstat(4, {st_mode=S_IFREG|0644, st_size=962, ...}) = 0
ioctl(4, TCGETS, 0x7ffc61ff7fb0)        = -1 ENOTTY (Inappropriate ioctl for device)
lseek(4, 0, SEEK_CUR)                   = 0
lseek(4, 0, SEEK_CUR)                   = 0
fstat(4, {st_mode=S_IFREG|0644, st_size=962, ...}) = 0
read(4, "U\r\r\n\0\0\0\0\303;rcL\3\0\0\343\0\0\0\0\0\0\0\0\0\0\0\0\0\0\0"..., 963) = 962
read(4, "", 1)                          = 0
close(4)                                = 0
stat("/usr/lib/python3.8", {st_mode=S_IFDIR|0755, st_size=20480, ...}) = 0
stat("/usr/lib/python3.8/contextlib.py", {st_mode=S_IFREG|0644, st_size=24995, ...}) = 0
stat("/usr/lib/python3.8/contextlib.py", {st_mode=S_IFREG|0644, st_size=24995, ...}) = 0
openat(AT_FDCWD, "/usr/lib/python3.8/__pycache__/contextlib.cpython-38.pyc", O_RDONLY|O_CLOEXEC) = 4
fstat(4, {st_mode=S_IFREG|0644, st_size=20229, ...}) = 0
ioctl(4, TCGETS, 0x7ffc61ff9d90)        = -1 ENOTTY (Inappropriate ioctl for device)
lseek(4, 0, SEEK_CUR)                   = 0
lseek(4, 0, SEEK_CUR)                   = 0
fstat(4, {st_mode=S_IFREG|0644, st_size=20229, ...}) = 0
read(4, "U\r\r\n\0\0\0\0\303;rc\243a\0\0\343\0\0\0\0\0\0\0\0\0\0\0\0\0\0\0"..., 20230) = 20229
read(4, "", 1)                          = 0
close(4)                                = 0
mmap(NULL, 262144, PROT_READ|PROT_WRITE, MAP_PRIVATE|MAP_ANONYMOUS, -1, 0) = 0x7ff71e003000
stat("/usr/lib/python3.8", {st_mode=S_IFDIR|0755, st_size=20480, ...}) = 0
stat("/usr/lib/python3.8/collections/__init__.cpython-38-x86_64-linux-gnu.so", 0x7ffc61ff8a10) = -1 ENOENT (No such file or directory)
stat("/usr/lib/python3.8/collections/__init__.abi3.so", 0x7ffc61ff8a10) = -1 ENOENT (No such file or directory)
stat("/usr/lib/python3.8/collections/__init__.so", 0x7ffc61ff8a10) = -1 ENOENT (No such file or directory)
stat("/usr/lib/python3.8/collections/__init__.py", {st_mode=S_IFREG|0644, st_size=47939, ...}) = 0
stat("/usr/lib/python3.8/collections/__init__.py", {st_mode=S_IFREG|0644, st_size=47939, ...}) = 0
openat(AT_FDCWD, "/usr/lib/python3.8/collections/__pycache__/__init__.cpython-38.pyc", O_RDONLY|O_CLOEXEC) = 4
fstat(4, {st_mode=S_IFREG|0644, st_size=46436, ...}) = 0
ioctl(4, TCGETS, 0x7ffc61ff8f70)        = -1 ENOTTY (Inappropriate ioctl for device)
lseek(4, 0, SEEK_CUR)                   = 0
lseek(4, 0, SEEK_CUR)                   = 0
fstat(4, {st_mode=S_IFREG|0644, st_size=46436, ...}) = 0
brk(0x24ed000)                          = 0x24ed000
read(4, "U\r\r\n\0\0\0\0\303;rcC\273\0\0\343\0\0\0\0\0\0\0\0\0\0\0\0\0\0\0"..., 46437) = 46436
read(4, "", 1)                          = 0
close(4)                                = 0
brk(0x24e2000)                          = 0x24e2000
stat("/usr/lib/python3.8", {st_mode=S_IFDIR|0755, st_size=20480, ...}) = 0
stat("/usr/lib/python3.8/operator.py", {st_mode=S_IFREG|0644, st_size=10711, ...}) = 0
stat("/usr/lib/python3.8/operator.py", {st_mode=S_IFREG|0644, st_size=10711, ...}) = 0
openat(AT_FDCWD, "/usr/lib/python3.8/__pycache__/operator.cpython-38.pyc", O_RDONLY|O_CLOEXEC) = 4
fstat(4, {st_mode=S_IFREG|0644, st_size=13691, ...}) = 0
ioctl(4, TCGETS, 0x7ffc61ff8150)        = -1 ENOTTY (Inappropriate ioctl for device)
lseek(4, 0, SEEK_CUR)                   = 0
lseek(4, 0, SEEK_CUR)                   = 0
fstat(4, {st_mode=S_IFREG|0644, st_size=13691, ...}) = 0
read(4, "U\r\r\n\0\0\0\0\303;rc\327)\0\0\343\0\0\0\0\0\0\0\0\0\0\0\0\0\0\0"..., 13692) = 13691
read(4, "", 1)                          = 0
close(4)                                = 0
stat("/usr/lib/python3.8", {st_mode=S_IFDIR|0755, st_size=20480, ...}) = 0
stat("/usr/lib/python3.8/keyword.py", {st_mode=S_IFREG|0644, st_size=945, ...}) = 0
stat("/usr/lib/python3.8/keyword.py", {st_mode=S_IFREG|0644, st_size=945, ...}) = 0
openat(AT_FDCWD, "/usr/lib/python3.8/__pycache__/keyword.cpython-38.pyc", O_RDONLY|O_CLOEXEC) = 4
fstat(4, {st_mode=S_IFREG|0644, st_size=998, ...}) = 0
ioctl(4, TCGETS, 0x7ffc61ff8150)        = -1 ENOTTY (Inappropriate ioctl for device)
lseek(4, 0, SEEK_CUR)                   = 0
lseek(4, 0, SEEK_CUR)                   = 0
fstat(4, {st_mode=S_IFREG|0644, st_size=998, ...}) = 0
read(4, "U\r\r\n\0\0\0\0\303;rc\261\3\0\0\343\0\0\0\0\0\0\0\0\0\0\0\0\0\0\0"..., 999) = 998
read(4, "", 1)                          = 0
close(4)                                = 0
stat("/usr/lib/python3.8", {st_mode=S_IFDIR|0755, st_size=20480, ...}) = 0
stat("/usr/lib/python3.8/heapq.py", {st_mode=S_IFREG|0644, st_size=22877, ...}) = 0
stat("/usr/lib/python3.8/heapq.py", {st_mode=S_IFREG|0644, st_size=22877, ...}) = 0
openat(AT_FDCWD, "/usr/lib/python3.8/__pycache__/heapq.cpython-38.pyc", O_RDONLY|O_CLOEXEC) = 4
fstat(4, {st_mode=S_IFREG|0644, st_size=14070, ...}) = 0
ioctl(4, TCGETS, 0x7ffc61ff8150)        = -1 ENOTTY (Inappropriate ioctl for device)
lseek(4, 0, SEEK_CUR)                   = 0
lseek(4, 0, SEEK_CUR)                   = 0
fstat(4, {st_mode=S_IFREG|0644, st_size=14070, ...}) = 0
read(4, "U\r\r\n\0\0\0\0\303;rc]Y\0\0\343\0\0\0\0\0\0\0\0\0\0\0\0\0\0\0"..., 14071) = 14070
read(4, "", 1)                          = 0
close(4)                                = 0
stat("/usr/lib/python3.8", {st_mode=S_IFDIR|0755, st_size=20480, ...}) = 0
stat("/usr/lib/python3.8/reprlib.py", {st_mode=S_IFREG|0644, st_size=5267, ...}) = 0
stat("/usr/lib/python3.8/reprlib.py", {st_mode=S_IFREG|0644, st_size=5267, ...}) = 0
openat(AT_FDCWD, "/usr/lib/python3.8/__pycache__/reprlib.cpython-38.pyc", O_RDONLY|O_CLOEXEC) = 4
fstat(4, {st_mode=S_IFREG|0644, st_size=5303, ...}) = 0
ioctl(4, TCGETS, 0x7ffc61ff8150)        = -1 ENOTTY (Inappropriate ioctl for device)
lseek(4, 0, SEEK_CUR)                   = 0
lseek(4, 0, SEEK_CUR)                   = 0
fstat(4, {st_mode=S_IFREG|0644, st_size=5303, ...}) = 0
read(4, "U\r\r\n\0\0\0\0\303;rc\223\24\0\0\343\0\0\0\0\0\0\0\0\0\0\0\0\0\0\0"..., 5304) = 5303
read(4, "", 1)                          = 0
close(4)                                = 0
mmap(NULL, 262144, PROT_READ|PROT_WRITE, MAP_PRIVATE|MAP_ANONYMOUS, -1, 0) = 0x7ff71dfc3000
stat("/usr/lib/python3.8", {st_mode=S_IFDIR|0755, st_size=20480, ...}) = 0
stat("/usr/lib/python3.8/functools.py", {st_mode=S_IFREG|0644, st_size=37406, ...}) = 0
stat("/usr/lib/python3.8/functools.py", {st_mode=S_IFREG|0644, st_size=37406, ...}) = 0
openat(AT_FDCWD, "/usr/lib/python3.8/__pycache__/functools.cpython-38.pyc", O_RDONLY|O_CLOEXEC) = 4
fstat(4, {st_mode=S_IFREG|0644, st_size=27901, ...}) = 0
ioctl(4, TCGETS, 0x7ffc61ff8f70)        = -1 ENOTTY (Inappropriate ioctl for device)
lseek(4, 0, SEEK_CUR)                   = 0
lseek(4, 0, SEEK_CUR)                   = 0
fstat(4, {st_mode=S_IFREG|0644, st_size=27901, ...}) = 0
read(4, "U\r\r\n\0\0\0\0\303;rc\36\222\0\0\343\0\0\0\0\0\0\0\0\0\0\0\0\0\0\0"..., 27902) = 27901
read(4, "", 1)                          = 0
close(4)                                = 0
stat("/usr/lib/python3/dist-packages", {st_mode=S_IFDIR|0755, st_size=12288, ...}) = 0
stat("/usr/lib/python3/dist-packages", {st_mode=S_IFDIR|0755, st_size=12288, ...}) = 0
stat("/usr/lib/python3/dist-packages", {st_mode=S_IFDIR|0755, st_size=12288, ...}) = 0
openat(AT_FDCWD, "/usr/lib/python3/dist-packages", O_RDONLY|O_NONBLOCK|O_CLOEXEC|O_DIRECTORY) = 4
fstat(4, {st_mode=S_IFDIR|0755, st_size=12288, ...}) = 0
getdents64(4, /* 187 entries */, 32768) = 7816
getdents64(4, /* 0 entries */, 32768)   = 0
close(4)                                = 0
stat("/usr/lib/python3/dist-packages/mpl_toolkits/__init__.cpython-38-x86_64-linux-gnu.so", 0x7ffc61ffaf00) = -1 ENOENT (No such file or directory)
stat("/usr/lib/python3/dist-packages/mpl_toolkits/__init__.abi3.so", 0x7ffc61ffaf00) = -1 ENOENT (No such file or directory)
stat("/usr/lib/python3/dist-packages/mpl_toolkits/__init__.so", 0x7ffc61ffaf00) = -1 ENOENT (No such file or directory)
stat("/usr/lib/python3/dist-packages/mpl_toolkits/__init__.py", {st_mode=S_IFREG|0644, st_size=122, ...}) = 0
read(3, "", 8192)                       = 0
close(3)                                = 0
openat(AT_FDCWD, "/usr/lib/python3/dist-packages/zope.interface-4.7.1-nspkg.pth", O_RDONLY|O_CLOEXEC) = 3
fstat(3, {st_mode=S_IFREG|0644, st_size=529, ...}) = 0
ioctl(3, TCGETS, 0x7ffc61ffbb50)        = -1 ENOTTY (Inappropriate ioctl for device)
lseek(3, 0, SEEK_CUR)                   = 0
ioctl(3, TCGETS, 0x7ffc61ffbee0)        = -1 ENOTTY (Inappropriate ioctl for device)
read(3, "import sys, types, os;has_mfs = "..., 8192) = 529
brk(0x2506000)                          = 0x2506000
brk(0x24fc000)                          = 0x24fc000
stat("/usr/lib/python3/dist-packages", {st_mode=S_IFDIR|0755, st_size=12288, ...}) = 0
stat("/usr/lib/python3/dist-packages/zope/__init__.cpython-38-x86_64-linux-gnu.so", 0x7ffc61ffaf00) = -1 ENOENT (No such file or directory)
stat("/usr/lib/python3/dist-packages/zope/__init__.abi3.so", 0x7ffc61ffaf00) = -1 ENOENT (No such file or directory)
stat("/usr/lib/python3/dist-packages/zope/__init__.so", 0x7ffc61ffaf00) = -1 ENOENT (No such file or directory)
stat("/usr/lib/python3/dist-packages/zope/__init__.py", {st_mode=S_IFREG|0644, st_size=56, ...}) = 0
brk(0x24fa000)                          = 0x24fa000
read(3, "", 8192)                       = 0
close(3)                                = 0
stat("/usr/lib/python3.8/dist-packages", 0x7ffc61ffc220) = -1 ENOENT (No such file or directory)
stat("/usr/lib/python3.8", {st_mode=S_IFDIR|0755, st_size=20480, ...}) = 0
stat("/usr/lib/python3.8/sitecustomize.py", {st_mode=S_IFREG|0644, st_size=155, ...}) = 0
stat("/usr/lib/python3.8/sitecustomize.py", {st_mode=S_IFREG|0644, st_size=155, ...}) = 0
openat(AT_FDCWD, "/usr/lib/python3.8/__pycache__/sitecustomize.cpython-38.pyc", O_RDONLY|O_CLOEXEC) = 3
fstat(3, {st_mode=S_IFREG|0644, st_size=220, ...}) = 0
ioctl(3, TCGETS, 0x7ffc61ffb500)        = -1 ENOTTY (Inappropriate ioctl for device)
lseek(3, 0, SEEK_CUR)                   = 0
lseek(3, 0, SEEK_CUR)                   = 0
fstat(3, {st_mode=S_IFREG|0644, st_size=220, ...}) = 0
read(3, "U\r\r\n\0\0\0\0\370\\k^\233\0\0\0\343\0\0\0\0\0\0\0\0\0\0\0\0\0\0\0"..., 221) = 220
read(3, "", 1)                          = 0
close(3)                                = 0
stat("/usr/lib/python3.8", {st_mode=S_IFDIR|0755, st_size=20480, ...}) = 0
stat("/usr/lib/python3.8/lib-dynload", {st_mode=S_IFDIR|0755, st_size=12288, ...}) = 0
stat("/usr/lib/python3.8/lib-dynload", {st_mode=S_IFDIR|0755, st_size=12288, ...}) = 0
stat("/usr/lib/python3.8/lib-dynload", {st_mode=S_IFDIR|0755, st_size=12288, ...}) = 0
openat(AT_FDCWD, "/usr/lib/python3.8/lib-dynload", O_RDONLY|O_NONBLOCK|O_CLOEXEC|O_DIRECTORY) = 3
fstat(3, {st_mode=S_IFDIR|0755, st_size=12288, ...}) = 0
getdents64(3, /* 48 entries */, 32768)  = 2976
getdents64(3, /* 0 entries */, 32768)   = 0
close(3)                                = 0
stat("/usr/local/lib/python3.8/dist-packages", {st_mode=S_IFDIR|S_ISGID|0775, st_size=4096, ...}) = 0
stat("/usr/local/lib/python3.8/dist-packages", {st_mode=S_IFDIR|S_ISGID|0775, st_size=4096, ...}) = 0
stat("/usr/local/lib/python3.8/dist-packages", {st_mode=S_IFDIR|S_ISGID|0775, st_size=4096, ...}) = 0
openat(AT_FDCWD, "/usr/local/lib/python3.8/dist-packages", O_RDONLY|O_NONBLOCK|O_CLOEXEC|O_DIRECTORY) = 3
fstat(3, {st_mode=S_IFDIR|S_ISGID|0775, st_size=4096, ...}) = 0
getdents64(3, /* 2 entries */, 32768)   = 48
getdents64(3, /* 0 entries */, 32768)   = 0
close(3)                                = 0
stat("/usr/lib/python3/dist-packages", {st_mode=S_IFDIR|0755, st_size=12288, ...}) = 0
stat("/usr/lib/python3/dist-packages/apport_python_hook.py", {st_mode=S_IFREG|0644, st_size=8063, ...}) = 0
stat("/usr/lib/python3/dist-packages/apport_python_hook.py", {st_mode=S_IFREG|0644, st_size=8063, ...}) = 0
openat(AT_FDCWD, "/usr/lib/python3/dist-packages/__pycache__/apport_python_hook.cpython-38.pyc", O_RDONLY|O_CLOEXEC) = 3
fstat(3, {st_mode=S_IFREG|0644, st_size=4339, ...}) = 0
ioctl(3, TCGETS, 0x7ffc61ffa6e0)        = -1 ENOTTY (Inappropriate ioctl for device)
lseek(3, 0, SEEK_CUR)                   = 0
lseek(3, 0, SEEK_CUR)                   = 0
fstat(3, {st_mode=S_IFREG|0644, st_size=4339, ...}) = 0
read(3, "U\r\r\n\0\0\0\0\373\35#c\177\37\0\0\343\0\0\0\0\0\0\0\0\0\0\0\0\0\0\0"..., 4340) = 4339
read(3, "", 1)                          = 0
close(3)                                = 0
stat("/usr/lib/python3.8", {st_mode=S_IFDIR|0755, st_size=20480, ...}) = 0
stat("/usr/lib/python3.8/lib-dynload", {st_mode=S_IFDIR|0755, st_size=12288, ...}) = 0
stat("/usr/local/lib/python3.8/dist-packages", {st_mode=S_IFDIR|S_ISGID|0775, st_size=4096, ...}) = 0
stat("/usr/lib/python3/dist-packages", {st_mode=S_IFDIR|0755, st_size=12288, ...}) = 0
stat("./hello.py", {st_mode=S_IFREG|0777, st_size=40, ...}) = 0
openat(AT_FDCWD, "./hello.py", O_RDONLY|O_CLOEXEC) = 3
fstat(3, {st_mode=S_IFREG|0777, st_size=40, ...}) = 0
ioctl(3, TCGETS, 0x7ffc61ffd2b0)        = -1 ENOTTY (Inappropriate ioctl for device)
mmap(NULL, 1052672, PROT_READ|PROT_WRITE, MAP_PRIVATE|MAP_ANONYMOUS, -1, 0) = 0x7ff71dec2000
lseek(3, 0, SEEK_CUR)                   = 0
lseek(3, -22, SEEK_END)                 = 18
lseek(3, 0, SEEK_CUR)                   = 18
read(3, "\n\nprint(\"hello world\")", 1048576) = 22
lseek(3, 0, SEEK_END)                   = 40
lseek(3, 0, SEEK_CUR)                   = 40
lseek(3, 0, SEEK_SET)                   = 0
lseek(3, 0, SEEK_CUR)                   = 0
fstat(3, {st_mode=S_IFREG|0777, st_size=40, ...}) = 0
read(3, "#!/usr/bin/python3\n\nprint(\"hello"..., 41) = 40
read(3, "", 1)                          = 0
close(3)                                = 0
munmap(0x7ff71dec2000, 1052672)         = 0
stat("./hello.py", {st_mode=S_IFREG|0777, st_size=40, ...}) = 0
readlink("./hello.py", 0x7ffc61fecd20, 4096) = -1 EINVAL (Invalid argument)
getcwd("/workspace/src/chap01", 4096)   = 22
lstat("/workspace/src/chap01/hello.py", {st_mode=S_IFREG|0777, st_size=40, ...}) = 0
openat(AT_FDCWD, "./hello.py", O_RDONLY) = 3
fcntl(3, F_GETFD)                       = 0
fcntl(3, F_SETFD, FD_CLOEXEC)           = 0
fstat(3, {st_mode=S_IFREG|0777, st_size=40, ...}) = 0
ioctl(3, TCGETS, 0x7ffc61ffdcb0)        = -1 ENOTTY (Inappropriate ioctl for device)
lseek(3, 0, SEEK_CUR)                   = 0
fstat(3, {st_mode=S_IFREG|0777, st_size=40, ...}) = 0
read(3, "#!/usr/bin/python3\n\nprint(\"hello"..., 8192) = 40
lseek(3, 0, SEEK_SET)                   = 0
read(3, "#!/usr/bin/python3\n\nprint(\"hello"..., 8192) = 40
read(3, "", 8192)                       = 0
close(3)                                = 0
write(1, "hello world\n", 12)           = 12
rt_sigaction(SIGINT, {sa_handler=SIG_DFL, sa_mask=[], sa_flags=SA_RESTORER, sa_restorer=0x7ff71e6dd090}, {sa_handler=0x6290e0, sa_mask=[], sa_flags=SA_RESTORER, sa_restorer=0x7ff71e6dd090}, 8) = 0
sigaltstack(NULL, {ss_sp=0x2485d50, ss_flags=0, ss_size=16384}) = 0
sigaltstack({ss_sp=NULL, ss_flags=SS_DISABLE, ss_size=0}, NULL) = 0
exit_group(0)                           = ?
+++ exited with 0 +++
